<?xml version="1.0" encoding="UTF-8"?>
<!-- Generated by org.testng.reporters.JUnitXMLReporter -->
<testsuite ignored="0" hostname="DESKTOP-16RSFON" failures="1" tests="2" name="Error Validations Test" time="26.203" errors="0" timestamp="2025-04-13T11:20:36 IST">
  <testcase classname="rohanacademy.tests.ErrorValidationsTest" name="LoginErrorValidation" time="1.933">
    <failure type="java.lang.AssertionError" message="expected [Incorrect email or password.] but found [Incorrect email password.]">
      <![CDATA[java.lang.AssertionError: expected [Incorrect email or password.] but found [Incorrect email password.]
at rohanacademy.tests.ErrorValidationsTest.LoginErrorValidation(ErrorValidationsTest.java:31)
at java.base/java.util.ArrayList.forEach(ArrayList.java:1511)
at java.base/java.util.concurrent.FutureTask.run(FutureTask.java:264)
at java.base/java.util.concurrent.ThreadPoolExecutor.runWorker(ThreadPoolExecutor.java:1136)
at java.base/java.util.concurrent.ThreadPoolExecutor$Worker.run(ThreadPoolExecutor.java:635)
at java.base/java.lang.Thread.run(Thread.java:842)
... Removed 23 stack frames]]>
    </failure>
  </testcase> <!-- LoginErrorValidation -->
  <testcase classname="rohanacademy.tests.ErrorValidationsTest" name="ProductErrorValidation" time="4.752"/>
</testsuite> <!-- Error Validations Test -->
